make.exe all --print-data-base --no-builtin-variables --no-builtin-rules --question
# GNU Make 4.2.1
# Built for x86_64-w64-mingw32
# Copyright (C) 1988-2016 Free Software Foundation, Inc.
# License GPLv3+: GNU GPL version 3 or later <http://gnu.org/licenses/gpl.html>
# This is free software: you are free to change and redistribute it.
# There is NO WARRANTY, to the extent permitted by law.
 

# Make data base, printed on Mon May 10 04:21:26 2021

# Variables

# 'override' directive
GNUMAKEFLAGS := 
# automatic
<D = $(patsubst %/,%,$(patsubst %\,%,$(dir $<)))
# automatic
?F = $(notdir $?)
# environment
CommonProgramFiles = C:\Program Files\Common Files
# default
.SHELLFLAGS := -c
# makefile
MAKEFLAGS = pqrR
# environment
VSCODE_LOG_NATIVE = false
# makefile (from 'Makefile', line 38)
TARGET = test
# automatic
?D = $(patsubst %/,%,$(patsubst %\,%,$(dir $?)))
# automatic
@D = $(patsubst %/,%,$(patsubst %\,%,$(dir $@)))
# environment
HOMEDRIVE = C:
# automatic
@F = $(notdir $@)
# automatic
^D = $(patsubst %/,%,$(patsubst %\,%,$(dir $^)))
# makefile
CURDIR := d:/VS_code/Gcc/Evidencija_Stanara
# default
SHELL := sh.exe
# environment
ProgramFiles(x86) = C:\Program Files (x86)
# environment
VSCODE_NLS_CONFIG = {"locale":"en-us","availableLanguages":{},"_languagePackSupport":true}
# makefile (from 'Makefile', line 25)
SRC_LIB_DIR = src
# environment
PATHEXT = .COM;.EXE;.BAT;.CMD;.VBS;.VBE;.JS;.JSE;.WSF;.WSH;.MSC
# makefile (from 'Makefile', line 1)
MAKEFILE_LIST :=  Makefile
# makefile (from 'Makefile', line 18)
LIB_DIR = lib
# environment
FPS_BROWSER_USER_PROFILE_STRING = Default
# environment
VSCODE_NODE_CACHED_DATA_DIR = C:\Users\Danijela\AppData\Roaming\Code\CachedData\cfa2e218100323074ac1948c885448fdf4de2a7f
# environment
TMP = C:\Users\Danijela\AppData\Local\Temp
# environment
VSCODE_VERBOSE_LOGGING = true
# environment
SystemDrive = C:
# environment
CommonProgramFiles(x86) = C:\Program Files (x86)\Common Files
# environment
VSCODE_IPC_HOOK_EXTHOST = \\.\pipe\vscode-ipc-010171b8-9b28-4b48-9707-9f3f520f2a5a-sock
# environment
VSCODE_CWD = C:\VS_Code
# environment
SystemRoot = C:\Windows
# default
MAKE_HOST := x86_64-w64-mingw32
# environment
PATH = C:\Windows\system32;C:\Windows;C:\Windows\System32\Wbem;C:\Windows\System32\WindowsPowerShell\v1.0\;C:\Windows\System32\OpenSSH\;C:\Program Files\dotnet\;C:\Program Files\Microsoft SQL Server\130\Tools\Binn\;C:\Program Files\Microsoft SQL Server\Client SDK\ODBC\170\Tools\Binn\;C:\Program Files\mingw-w64\x86_64-8.1.0-win32-seh-rt_v6-rev0\mingw64\bin;C:\VS_Code;C:\Program Files\MATLAB\R2014a\runtime\win64;C:\Program Files\MATLAB\R2014a\bin;C:\Program Files\MATLAB\R2014a\polyspace\bin;C:\Git\cmd;C:\Users\Danijela\AppData\Local\Microsoft\WindowsApps;C:\Users\Danijela\.dotnet\tools;C:\VS_Code\bin;C:\Users\Danijela\AppData\Local\Programs\MiKTeX\miktex\bin\x64\;
# environment
PROCESSOR_ARCHITECTURE = AMD64
# environment
USERPROFILE = C:\Users\Danijela
# makefile (from 'Makefile', line 26)
SRC_LIB = $(wildcard $(LIB_DIR)/$(SRC_LIB_DIR)/*.cpp)
# environment
ALLUSERSPROFILE = C:\ProgramData
# environment
ComSpec = C:\Windows\system32\cmd.exe
# makefile (from 'Makefile', line 9)
CCOMPILER = g++
# environment
VSCODE_LOG_STACK = false
# environment
NUMBER_OF_PROCESSORS = 4
# environment
ELECTRON_RUN_AS_NODE = 1
# makefile (from 'Makefile', line 21)
LIB = stan
# default
.FEATURES := target-specific order-only second-expansion else-if shortest-stem undefine oneshell archives jobserver output-sync
# makefile (from 'Makefile', line 61)
DEBUG_FLAG = -g
# makefile (from 'Makefile', line 62)
CFLAGS_LIB = -std=c++11 -I$(LIB_DIR)/$(INC_LIB_DIR)
# makefile (from 'Makefile', line 45)
SRC_APP = $(wildcard *.cpp)
# environment
ProgramW6432 = C:\Program Files
# automatic
%F = $(notdir $%)
# environment
CHROME_CRASHPAD_PIPE_NAME = \\.\pipe\crashpad_5584_XVVHTRKMDESJFXMZ
# environment
VSCODE_PIPE_LOGGING = true
# makefile (from 'Makefile', line 65)
W_PEDANTIC = -Wall -pedantic
# makefile (from 'Makefile', line 63)
CFLAGS_APP = -std=c++11 -I$(LIB_DIR)/$(INC_LIB_DIR)
# environment
COMPUTERNAME = DESKTOP-I8N84I3
# default
.LOADED := 
# makefile (from 'Makefile', line 32)
OBJ_LIB_DIR = obj
# environment
ORIGINAL_XDG_CURRENT_DESKTOP = undefined
# environment
USERNAME = Danijela
# environment
PUBLIC = C:\Users\Public
# environment
VSCODE_AMD_ENTRYPOINT = vs/workbench/services/extensions/node/extensionHostProcess
# environment
CommonProgramW6432 = C:\Program Files\Common Files
# environment
ProgramData = C:\ProgramData
# environment
APPLICATION_INSIGHTS_NO_DIAGNOSTIC_CHANNEL = true
# environment
LOGONSERVER = \\DESKTOP-I8N84I3
# environment
VSCODE_HANDLES_UNCAUGHT_ERRORS = true
# environment
USERDOMAIN = DESKTOP-I8N84I3
# environment
MAKELEVEL := 0
# default
MAKE = $(MAKE_COMMAND)
# default
MAKECMDGOALS := all
# makefile (from 'Makefile', line 60)
CC = $(CCOMPILER)
# default
MAKE_VERSION := 4.2.1
# makefile (from 'Makefile', line 54)
OBJ_APP_DIR = obj
# makefile
.DEFAULT_GOAL := lib
# environment
OneDrive = C:\Users\Danijela\OneDrive
# automatic
%D = $(patsubst %/,%,$(patsubst %\,%,$(dir $%)))
# makefile (from 'Makefile', line 33)
OBJ_LIB = $(patsubst %,$(LIB_DIR)/$(OBJ_LIB_DIR)/%, $(notdir $(SRC_LIB:.cpp=.o)))
# environment
DriverData = C:\Windows\System32\Drivers\DriverData
# environment
LOCALAPPDATA = C:\Users\Danijela\AppData\Local
# default
MAKE_COMMAND := make.exe
# default
.VARIABLES := 
# automatic
*F = $(notdir $*)
# environment
PROCESSOR_IDENTIFIER = Intel64 Family 6 Model 58 Stepping 9, GenuineIntel
# environment
OS = Windows_NT
# environment
VSCODE_IPC_HOOK = \\.\pipe\b8e5b0b812657c23ec0ab5ca50538b3a-1.56.0-main-sock
# makefile (from 'Makefile', line 55)
OBJ_APP = $(patsubst %,$(OBJ_APP_DIR)/%, $(SRC_APP:.cpp=.o))
# environment
HOMEPATH = \Users\Danijela
# environment
PROMPT = $P$G
# environment
MFLAGS = -pqrR
# automatic
*D = $(patsubst %/,%,$(patsubst %\,%,$(dir $*)))
# environment
PSModulePath = C:\Program Files\WindowsPowerShell\Modules;C:\Windows\system32\WindowsPowerShell\v1.0\Modules
# automatic
+D = $(patsubst %/,%,$(patsubst %\,%,$(dir $+)))
# environment
windir = C:\Windows
# makefile (from 'Makefile', line 29)
INC_LIB_DIR = inc
# automatic
+F = $(notdir $+)
# default
SUFFIXES := 
# environment
APPDATA = C:\Users\Danijela\AppData\Roaming
# environment
TEMP = C:\Users\Danijela\AppData\Local\Temp
# default
MAKEFILES := 
# automatic
<F = $(notdir $<)
# automatic
^F = $(notdir $^)
# environment
ProgramFiles = C:\Program Files
# environment
SESSIONNAME = Console
# makefile (from 'Makefile', line 22)
LIB_NAME = $(LIB_DIR)/lib$(LIB).a
# environment
PROCESSOR_REVISION = 3a09
# default
.RECIPEPREFIX := 
# environment
PROCESSOR_LEVEL = 6
# environment
FPS_BROWSER_APP_PROFILE_STRING = Internet Explorer
# environment
VSCODE_PID = 5584
# makefile (from 'Makefile', line 64)
LFLAGS_APP = -l$(LIB) -L$(LIB_DIR)
# environment
USERDOMAIN_ROAMINGPROFILE = DESKTOP-I8N84I3
# variable set hash-table stats:
# Load=109/1024=11%, Rehash=0, Collisions=23/173=13%

# Pattern-specific Variable Values

# No pattern-specific variable values.

# Directories

# . (key d:/VS_code/Gcc/Evidencija_Stanara, mtime 1620612383): 13 files, no impossibilities.
# lib/src (key d:/VS_code/Gcc/Evidencija_Stanara/lib/src, mtime 1619998839): 5 files, no impossibilities.

# 18 files, no impossibilities in 2 directories.

# Implicit Rules

lib/obj/%.o: lib/src/%.cpp
#  recipe to execute (from 'Makefile', line 86):
	$(CC) $(DEBUG_FLAG) $(CFLAGS_LIB) -c $< -o $@

obj/%.o: %.cpp
#  recipe to execute (from 'Makefile', line 98):
	$(CC) $(DEBUG_FLAG) $(CFLAGS_APP) -c $< -o $@

# 2 implicit rules, 0 (0.0%) terminal.

# Files

all: | obj test
#  Phony target (prerequisite of .PHONY).
#  Command line target.
#  Implicit rule search has not been done.
#  File does not exist.
#  File has been updated.
#  Needs to be updated (-q is set).
# variable set hash-table stats:
# Load=0/32=0%, Rehash=0, Collisions=0/9=0%

lib/obj/Load_data.o: lib/src/Load_data.cpp
#  Implicit rule search has been done.
#  Implicit/static pattern stem: 'Load_data'
#  Last modified 2021-05-10 04:06:18
#  File has been updated.
#  Successfully updated.
#  recipe to execute (from 'Makefile', line 86):
	$(CC) $(DEBUG_FLAG) $(CFLAGS_LIB) -c $< -o $@

.PHONY: run all clean app_clean libs_build libs_clean help
#  Implicit rule search has not been done.
#  Modification time never checked.
#  File has not been updated.

# Not a target:
.SUFFIXES:
#  Implicit rule search has not been done.
#  Modification time never checked.
#  File has not been updated.

# Not a target:
lib/src/Stanar.cpp:
#  Implicit rule search has been done.
#  Last modified 2021-05-09 22:06:34
#  File has been updated.
#  Successfully updated.

# Not a target:
Makefile:
#  Implicit rule search has been done.
#  Last modified 2021-05-10 04:10:50
#  File has been updated.
#  Successfully updated.

test: obj/test.o lib/libstan.a
#  Implicit rule search has not been done.
#  Implicit/static pattern stem: ''
#  File does not exist.
#  File has been updated.
#  Needs to be updated (-q is set).
# automatic
# @ := test
# automatic
# % := 
# automatic
# * := 
# automatic
# + := obj/test.o lib/libstan.a
# automatic
# | := 
# automatic
# < := obj/test.o
# automatic
# ^ := obj/test.o lib/libstan.a
# automatic
# ? := obj/test.o lib/libstan.a
# variable set hash-table stats:
# Load=8/32=25%, Rehash=0, Collisions=3/19=16%
#  recipe to execute (from 'Makefile', line 94):
	$(CC) $(DEBUG_FLAG) $(LFLAGS_APP) -o $@ $^

lib/obj/Stanar.o: lib/src/Stanar.cpp
#  Implicit rule search has been done.
#  Implicit/static pattern stem: 'Stanar'
#  Last modified 2021-05-10 04:06:15
#  File has been updated.
#  Successfully updated.
#  recipe to execute (from 'Makefile', line 86):
	$(CC) $(DEBUG_FLAG) $(CFLAGS_LIB) -c $< -o $@

help:
#  Phony target (prerequisite of .PHONY).
#  Implicit rule search has not been done.
#  File does not exist.
#  File has not been updated.
#  recipe to execute (from 'Makefile', line 143):
	@echo "src_lib: $(SRC_LIB)"
	@echo "obj_lib: $(OBJ_LIB)"
	@echo "src_app: $(SRC_APP)"
	@echo "obj_app: $(OBJ_APP)"

obj/test.o: test.cpp
#  Implicit rule search has been done.
#  Implicit/static pattern stem: 'test'
#  Last modified 2021-05-10 04:06:23
#  File has been updated.
#  Successfully updated.
#  recipe to execute (from 'Makefile', line 98):
	$(CC) $(DEBUG_FLAG) $(CFLAGS_APP) -c $< -o $@

lib: | lib/obj lib/libstan.a
#  Implicit rule search has not been done.
#  Modification time never checked.
#  File has not been updated.

obj:
#  Implicit rule search has not been done.
#  Last modified 2021-05-10 04:06:23
#  File has been updated.
#  Successfully updated.
#  recipe to execute (from 'Makefile', line 102):
	mkdir -p $(OBJ_APP_DIR)

# Not a target:
.DEFAULT:
#  Implicit rule search has not been done.
#  Modification time never checked.
#  File has not been updated.

libs_clean:
#  Phony target (prerequisite of .PHONY).
#  Implicit rule search has not been done.
#  File does not exist.
#  File has not been updated.
#  recipe to execute (from 'Makefile', line 139):
	$(RM) $(OBJ_LIB) $(LIB_NAME)

app_clean:
#  Phony target (prerequisite of .PHONY).
#  Implicit rule search has not been done.
#  File does not exist.
#  File has not been updated.
#  recipe to execute (from 'Makefile', line 134):
	$(RM) $(TARGET) $(OBJ_APP)

run: all
#  Phony target (prerequisite of .PHONY).
#  Implicit rule search has not been done.
#  File does not exist.
#  File has not been updated.
#  recipe to execute (from 'Makefile', line 110):
	./$(TARGET)

clean: app_clean libs_clean
#  Phony target (prerequisite of .PHONY).
#  Implicit rule search has not been done.
#  Fi 
le does not exist.
#  File has not been updated.

# Not a target:
lib/src/Stan.cpp:
#  Implicit rule search has been done.
#  Last modified 2021-05-06 22:36:01
#  File has been updated.
#  Successfully updated.

lib/libstan.a: lib/obj/Stanar.o lib/obj/Stan.o lib/obj/Load_data.o
#  Implicit rule search has not been done.
#  Last modified 2021-05-10 04:06:18
#  File has been updated.
#  Successfully updated.
#  recipe to execute (from 'Makefile', line 78):
	$(AR) -cr $@ $^

lib/obj/Stan.o: lib/src/Stan.cpp
#  
 Implicit rule search has been done.
#  Implicit/static pattern stem: 'Stan'
#  Last modified 2021-05-10 04:06:16
#  File has been updated.
#  Successfully updated.
#  recipe to execute (from 'Makefile', line 86):
	$(CC) $(DEBUG_FLAG) $(CFLAGS_LIB) -c $< -o $@

# Not a target:
test.cpp:
#  Implicit rule search has been done.
#  Last modified 2021-05-10 01:16:53
#  File has been updated.
#  Successfully updated.

cleanall: app_clean libs_clean
#  Implicit rule search has not been done.
#  Modification time n 
ever checked.
#  File has not been updated.
#  recipe to execute (from 'Makefile', line 125):
	$(RM) -d $(OBJ_APP_DIR)
	$(RM) -d $(LIB_DIR)/$(OBJ_LIB_DIR)

libs_build: lib/libstan.a
#  Phony target (prerequisite of .PHONY).
#  Implicit rule search has not been done.
#  File does not exist.
#  File has not been updated.

# Not a target:
lib/src/Load_data.cpp:
#  Implicit rule search has been done.
#  Last modified 2021-05-10 03:33:28
#  File has been updated.
#  Successfully updated.

lib/obj:
#  Implicit rule search has not been done.
#  Modification time never checked.
#  File has not been updated.
#  recipe to execute (from 'Makefile', line 82):
	mkdir -p $(LIB_DIR)/$(OBJ_LIB_DIR)

# files hash-table stats:
# Load=25/1024=2%, Rehash=0, Collisions=0/79=0%
# VPATH Search Paths

# No 'vpath' search paths.

# No general ('VPATH' variable) search path.

# strcache buffers: 1 (0) / strings = 45 / storage = 430 B / avg = 9 B
# current buf: size = 8162 B / used = 430 B / count = 45 / avg = 9 B

# strcache performance: lookups = 92 / hit rate = 51%
# hash-table stats:
# Load=45/8192=1%, Rehash=0, Collisions=2/92=2%
# Finished Make data base on Mon May 10 04:21:26 2021

 
